[debug] [2023-01-12T19:25:15.835Z] ----------------------------------------------------------------------
[debug] [2023-01-12T19:25:15.836Z] Command:       C:\Program Files\nodejs\node.exe C:\Users\KEVIN\AppData\Roaming\npm\node_modules\firebase-tools\lib\bin\firebase.js init
[debug] [2023-01-12T19:25:15.837Z] CLI Version:   11.20.0
[debug] [2023-01-12T19:25:15.837Z] Platform:      win32
[debug] [2023-01-12T19:25:15.837Z] Node Version:  v18.12.1
[debug] [2023-01-12T19:25:15.846Z] Time:          Thu Jan 12 2023 14:25:15 GMT-0500 (hora estándar de Perú)
[debug] [2023-01-12T19:25:15.846Z] ----------------------------------------------------------------------
[debug] 
[debug] [2023-01-12T19:25:15.853Z] > command requires scopes: ["email","openid","https://www.googleapis.com/auth/cloudplatformprojects.readonly","https://www.googleapis.com/auth/firebase","https://www.googleapis.com/auth/cloud-platform"]
[debug] [2023-01-12T19:25:15.854Z] > authorizing via signed-in user (ktelloa@unitru.edu.pe)
[info] 
     ######## #### ########  ######## ########     ###     ######  ########
     ##        ##  ##     ## ##       ##     ##  ##   ##  ##       ##
     ######    ##  ########  ######   ########  #########  ######  ######
     ##        ##  ##    ##  ##       ##     ## ##     ##       ## ##
     ##       #### ##     ## ######## ########  ##     ##  ######  ########

You're about to initialize a Firebase project in this directory:

  C:\xampp\htdocs\Curso-ProyectoIntegrador\WebSistemadeeventos

Before we get started, keep in mind:

  * You are currently outside your home directory

